2025-02-13 21:15:22,672 - main_etl_runner.py - Line: 136 - INFO - Launching the ETL pipeline...
2025-02-13 21:15:22,673 - process_location.py - Line: 25 - INFO - Configuration for location table loaded successfully
2025-02-13 21:15:22,673 - process_current.py - Line: 25 - INFO - Configuration for current table loaded successfully
2025-02-13 21:15:22,674 - process_forecast.py - Line: 25 - INFO - Configuration for forecast table loaded successfully
2025-02-13 21:15:22,674 - compare_temperatures.py - Line: 27 - INFO - -- Initialized CompareTemperatures class successfully.
2025-02-13 21:15:22,674 - identify_highest_temperature.py - Line: 27 - INFO - -- Initialized IdentifyHighestTemperature class successfully.
2025-02-13 21:15:22,678 - temperature_statistics_by_city.py - Line: 27 - INFO - -- Initialized TemperatureStatistics class successfully.
2025-02-13 21:15:22,678 - city_compare_visualizations.py - Line: 28 - INFO - -- Initialized CityComparisonVisualization class successfully.
2025-02-13 21:15:22,679 - weather_alerts.py - Line: 28 - INFO - -- Initialized WeatherAlerts class successfully.
2025-02-13 21:15:22,679 - main_etl_runner.py - Line: 44 - INFO - ETL Runner initialized successfully.
2025-02-13 21:15:22,679 - main_etl_runner.py - Line: 52 - INFO - -- STARTING THE ETL PIPELINE --
2025-02-13 21:15:22,679 - process_location.py - Line: 32 - INFO - - Starting the data processing for location table...
2025-02-13 21:15:22,680 - process_location.py - Line: 45 - INFO - Successfully processed data for city: Bangkok, Thailand
2025-02-13 21:15:22,680 - process_location.py - Line: 45 - INFO - Successfully processed data for city: Chiang Mai, Thailand
2025-02-13 21:15:22,680 - process_location.py - Line: 45 - INFO - Successfully processed data for city: Phuket, Thailand
2025-02-13 21:15:22,680 - process_location.py - Line: 45 - INFO - Successfully processed data for city: Pattaya, Thailand
2025-02-13 21:15:22,681 - process_location.py - Line: 45 - INFO - Successfully processed data for city: Hat Yai, Thailand
2025-02-13 21:15:22,684 - process_location.py - Line: 59 - INFO - Data successfully written to output/raw/location_2024-05-27.csv !
2025-02-13 21:15:22,684 - process_current.py - Line: 32 - INFO - - Starting the data processing for current table...
2025-02-13 21:15:22,685 - process_current.py - Line: 45 - INFO - Successfully processed data for city: Bangkok, Thailand
2025-02-13 21:15:22,685 - process_current.py - Line: 45 - INFO - Successfully processed data for city: Chiang Mai, Thailand
2025-02-13 21:15:22,685 - process_current.py - Line: 45 - INFO - Successfully processed data for city: Phuket, Thailand
2025-02-13 21:15:22,685 - process_current.py - Line: 45 - INFO - Successfully processed data for city: Pattaya, Thailand
2025-02-13 21:15:22,685 - process_current.py - Line: 45 - INFO - Successfully processed data for city: Hat Yai, Thailand
2025-02-13 21:15:22,687 - process_current.py - Line: 60 - INFO - Data successfully written to output/raw/current_2024-05-27.csv !
2025-02-13 21:15:22,688 - process_forecast.py - Line: 32 - INFO - - Starting the data processing for forecast table...
2025-02-13 21:15:22,689 - process_forecast.py - Line: 49 - INFO - Successfully processed forecast data for city: Bangkok, Thailand on 2024-05-27
2025-02-13 21:15:22,689 - process_forecast.py - Line: 49 - INFO - Successfully processed forecast data for city: Bangkok, Thailand on 2024-05-28
2025-02-13 21:15:22,689 - etl_helpers.py - Line: 118 - ERROR - Data type conversion error for value 'invalid_data' to FLOAT: could not convert string to float: 'invalid_data'
2025-02-13 21:15:22,689 - process_forecast.py - Line: 49 - INFO - Successfully processed forecast data for city: Bangkok, Thailand on 2024-05-29
2025-02-13 21:15:22,689 - process_forecast.py - Line: 49 - INFO - Successfully processed forecast data for city: Chiang Mai, Thailand on 2024-05-27
2025-02-13 21:15:22,690 - process_forecast.py - Line: 49 - INFO - Successfully processed forecast data for city: Chiang Mai, Thailand on 2024-05-28
2025-02-13 21:15:22,690 - process_forecast.py - Line: 49 - INFO - Successfully processed forecast data for city: Chiang Mai, Thailand on 2024-05-29
2025-02-13 21:15:22,690 - process_forecast.py - Line: 49 - INFO - Successfully processed forecast data for city: Phuket, Thailand on 2024-05-27
2025-02-13 21:15:22,690 - process_forecast.py - Line: 49 - INFO - Successfully processed forecast data for city: Phuket, Thailand on 2024-05-28
2025-02-13 21:15:22,691 - process_forecast.py - Line: 49 - INFO - Successfully processed forecast data for city: Phuket, Thailand on 2024-05-29
2025-02-13 21:15:22,691 - process_forecast.py - Line: 49 - INFO - Successfully processed forecast data for city: Pattaya, Thailand on 2024-05-27
2025-02-13 21:15:22,692 - process_forecast.py - Line: 49 - INFO - Successfully processed forecast data for city: Pattaya, Thailand on 2024-05-28
2025-02-13 21:15:22,692 - process_forecast.py - Line: 49 - INFO - Successfully processed forecast data for city: Pattaya, Thailand on 2024-05-29
2025-02-13 21:15:22,692 - process_forecast.py - Line: 49 - INFO - Successfully processed forecast data for city: Hat Yai, Thailand on 2024-05-27
2025-02-13 21:15:22,692 - process_forecast.py - Line: 49 - INFO - Successfully processed forecast data for city: Hat Yai, Thailand on 2024-05-28
2025-02-13 21:15:22,692 - process_forecast.py - Line: 49 - INFO - Successfully processed forecast data for city: Hat Yai, Thailand on 2024-05-29
2025-02-13 21:15:22,694 - process_forecast.py - Line: 64 - INFO - Data successfully written to output/raw/forecast_2024-05-27.csv
2025-02-13 21:15:22,694 - compare_temperatures.py - Line: 53 - INFO - -- Starting temperature comparison process
2025-02-13 21:15:22,694 - compare_temperatures.py - Line: 37 - INFO - -- Loading data from CSV files
2025-02-13 21:15:22,695 - etl_helpers.py - Line: 172 - INFO - Searching for the latest CSV file for current in output/raw
2025-02-13 21:15:22,695 - etl_helpers.py - Line: 185 - INFO - Loading data from: output/raw\current_2024-05-27.csv
2025-02-13 21:15:22,703 - etl_helpers.py - Line: 192 - INFO - Data successfully loaded from output/raw\current_2024-05-27.csv with 5 rows and 10 columns.
2025-02-13 21:15:22,703 - etl_helpers.py - Line: 172 - INFO - Searching for the latest CSV file for forecast in output/raw
2025-02-13 21:15:22,703 - etl_helpers.py - Line: 185 - INFO - Loading data from: output/raw\forecast_2024-05-27.csv
2025-02-13 21:15:22,711 - etl_helpers.py - Line: 192 - INFO - Data successfully loaded from output/raw\forecast_2024-05-27.csv with 15 rows and 26 columns.
2025-02-13 21:15:22,711 - compare_temperatures.py - Line: 40 - INFO - Successfully loaded current and forecast CSV files.
2025-02-13 21:15:22,715 - compare_temperatures.py - Line: 114 - INFO - Temperature comparison completed successfully and saved to output/insights/temperature_comparison_2024-05-27.csv.
2025-02-13 21:15:22,715 - main_etl_runner.py - Line: 76 - INFO - -- ETL PIPELINE COMPLETED SUCCESSFULLY --
2025-02-13 21:15:52,215 - main_etl_runner.py - Line: 136 - INFO - Launching the ETL pipeline...
2025-02-13 21:15:52,215 - process_location.py - Line: 25 - INFO - Configuration for location table loaded successfully
2025-02-13 21:15:52,215 - process_current.py - Line: 25 - INFO - Configuration for current table loaded successfully
2025-02-13 21:15:52,216 - process_forecast.py - Line: 25 - INFO - Configuration for forecast table loaded successfully
2025-02-13 21:15:52,216 - compare_temperatures.py - Line: 27 - INFO - -- Initialized CompareTemperatures class successfully.
2025-02-13 21:15:52,216 - identify_highest_temperature.py - Line: 27 - INFO - -- Initialized IdentifyHighestTemperature class successfully.
2025-02-13 21:15:52,217 - temperature_statistics_by_city.py - Line: 27 - INFO - -- Initialized TemperatureStatistics class successfully.
2025-02-13 21:15:52,217 - city_compare_visualizations.py - Line: 28 - INFO - -- Initialized CityComparisonVisualization class successfully.
2025-02-13 21:15:52,217 - weather_alerts.py - Line: 28 - INFO - -- Initialized WeatherAlerts class successfully.
2025-02-13 21:15:52,217 - main_etl_runner.py - Line: 44 - INFO - ETL Runner initialized successfully.
2025-02-13 21:15:52,217 - main_etl_runner.py - Line: 52 - INFO - -- STARTING THE ETL PIPELINE --
2025-02-13 21:15:52,218 - process_location.py - Line: 32 - INFO - - Starting the data processing for location table...
2025-02-13 21:15:52,218 - process_location.py - Line: 45 - INFO - Successfully processed data for city: Bangkok, Thailand
2025-02-13 21:15:52,219 - process_location.py - Line: 45 - INFO - Successfully processed data for city: Chiang Mai, Thailand
2025-02-13 21:15:52,219 - process_location.py - Line: 45 - INFO - Successfully processed data for city: Phuket, Thailand
2025-02-13 21:15:52,219 - process_location.py - Line: 45 - INFO - Successfully processed data for city: Pattaya, Thailand
2025-02-13 21:15:52,219 - process_location.py - Line: 45 - INFO - Successfully processed data for city: Hat Yai, Thailand
2025-02-13 21:15:52,222 - process_location.py - Line: 59 - INFO - Data successfully written to output/raw/location_2024-05-27.csv !
2025-02-13 21:15:52,222 - process_current.py - Line: 32 - INFO - - Starting the data processing for current table...
2025-02-13 21:15:52,222 - process_current.py - Line: 45 - INFO - Successfully processed data for city: Bangkok, Thailand
2025-02-13 21:15:52,223 - process_current.py - Line: 45 - INFO - Successfully processed data for city: Chiang Mai, Thailand
2025-02-13 21:15:52,223 - process_current.py - Line: 45 - INFO - Successfully processed data for city: Phuket, Thailand
2025-02-13 21:15:52,223 - process_current.py - Line: 45 - INFO - Successfully processed data for city: Pattaya, Thailand
2025-02-13 21:15:52,223 - process_current.py - Line: 45 - INFO - Successfully processed data for city: Hat Yai, Thailand
2025-02-13 21:15:52,224 - process_current.py - Line: 60 - INFO - Data successfully written to output/raw/current_2024-05-27.csv !
2025-02-13 21:15:52,224 - process_forecast.py - Line: 32 - INFO - - Starting the data processing for forecast table...
2025-02-13 21:15:52,225 - process_forecast.py - Line: 49 - INFO - Successfully processed forecast data for city: Bangkok, Thailand on 2024-05-27
2025-02-13 21:15:52,226 - process_forecast.py - Line: 49 - INFO - Successfully processed forecast data for city: Bangkok, Thailand on 2024-05-28
2025-02-13 21:15:52,226 - etl_helpers.py - Line: 118 - ERROR - Data type conversion error for value 'invalid_data' to FLOAT: could not convert string to float: 'invalid_data'
2025-02-13 21:15:52,228 - process_forecast.py - Line: 49 - INFO - Successfully processed forecast data for city: Bangkok, Thailand on 2024-05-29
2025-02-13 21:15:52,228 - process_forecast.py - Line: 49 - INFO - Successfully processed forecast data for city: Chiang Mai, Thailand on 2024-05-27
2025-02-13 21:15:52,228 - process_forecast.py - Line: 49 - INFO - Successfully processed forecast data for city: Chiang Mai, Thailand on 2024-05-28
2025-02-13 21:15:52,228 - process_forecast.py - Line: 49 - INFO - Successfully processed forecast data for city: Chiang Mai, Thailand on 2024-05-29
2025-02-13 21:15:52,229 - process_forecast.py - Line: 49 - INFO - Successfully processed forecast data for city: Phuket, Thailand on 2024-05-27
2025-02-13 21:15:52,229 - process_forecast.py - Line: 49 - INFO - Successfully processed forecast data for city: Phuket, Thailand on 2024-05-28
2025-02-13 21:15:52,229 - process_forecast.py - Line: 49 - INFO - Successfully processed forecast data for city: Phuket, Thailand on 2024-05-29
2025-02-13 21:15:52,229 - process_forecast.py - Line: 49 - INFO - Successfully processed forecast data for city: Pattaya, Thailand on 2024-05-27
2025-02-13 21:15:52,229 - process_forecast.py - Line: 49 - INFO - Successfully processed forecast data for city: Pattaya, Thailand on 2024-05-28
2025-02-13 21:15:52,229 - process_forecast.py - Line: 49 - INFO - Successfully processed forecast data for city: Pattaya, Thailand on 2024-05-29
2025-02-13 21:15:52,230 - process_forecast.py - Line: 49 - INFO - Successfully processed forecast data for city: Hat Yai, Thailand on 2024-05-27
2025-02-13 21:15:52,230 - process_forecast.py - Line: 49 - INFO - Successfully processed forecast data for city: Hat Yai, Thailand on 2024-05-28
2025-02-13 21:15:52,230 - process_forecast.py - Line: 49 - INFO - Successfully processed forecast data for city: Hat Yai, Thailand on 2024-05-29
2025-02-13 21:15:52,232 - process_forecast.py - Line: 64 - INFO - Data successfully written to output/raw/forecast_2024-05-27.csv
2025-02-13 21:15:52,232 - main_etl_runner.py - Line: 76 - INFO - -- ETL PIPELINE COMPLETED SUCCESSFULLY --
2025-02-13 21:28:44,526 - main_etl_runner.py - Line: 136 - INFO - Launching the ETL pipeline...
2025-02-13 21:28:44,527 - process_location.py - Line: 25 - INFO - Configuration for location table loaded successfully
2025-02-13 21:28:44,528 - process_current.py - Line: 25 - INFO - Configuration for current table loaded successfully
2025-02-13 21:28:44,529 - process_forecast.py - Line: 25 - INFO - Configuration for forecast table loaded successfully
2025-02-13 21:28:44,536 - compare_temperatures.py - Line: 27 - INFO - -- Initialized CompareTemperatures class successfully.
2025-02-13 21:28:44,537 - identify_highest_temperature.py - Line: 27 - INFO - -- Initialized IdentifyHighestTemperature class successfully.
2025-02-13 21:28:44,544 - temperature_statistics_by_city.py - Line: 27 - INFO - -- Initialized TemperatureStatistics class successfully.
2025-02-13 21:28:44,545 - city_compare_visualizations.py - Line: 28 - INFO - -- Initialized CityComparisonVisualization class successfully.
2025-02-13 21:28:44,546 - weather_alerts.py - Line: 28 - INFO - -- Initialized WeatherAlerts class successfully.
2025-02-13 21:28:44,546 - main_etl_runner.py - Line: 44 - INFO - ETL Runner initialized successfully.
2025-02-13 21:28:44,546 - main_etl_runner.py - Line: 52 - INFO - -- STARTING THE ETL PIPELINE --
2025-02-13 21:28:44,546 - compare_temperatures.py - Line: 53 - INFO - -- Starting temperature comparison process
2025-02-13 21:28:44,547 - compare_temperatures.py - Line: 37 - INFO - -- Loading data from CSV files
2025-02-13 21:28:44,547 - etl_helpers.py - Line: 172 - INFO - Searching for the latest CSV file for current in output/raw
2025-02-13 21:28:44,547 - etl_helpers.py - Line: 185 - INFO - Loading data from: output/raw\current_2024-05-27.csv
2025-02-13 21:28:44,555 - etl_helpers.py - Line: 192 - INFO - Data successfully loaded from output/raw\current_2024-05-27.csv with 5 rows and 10 columns.
2025-02-13 21:28:44,555 - etl_helpers.py - Line: 172 - INFO - Searching for the latest CSV file for forecast in output/raw
2025-02-13 21:28:44,556 - etl_helpers.py - Line: 185 - INFO - Loading data from: output/raw\forecast_2024-05-27.csv
2025-02-13 21:28:44,564 - etl_helpers.py - Line: 192 - INFO - Data successfully loaded from output/raw\forecast_2024-05-27.csv with 15 rows and 26 columns.
2025-02-13 21:28:44,564 - compare_temperatures.py - Line: 40 - INFO - Successfully loaded current and forecast CSV files.
2025-02-13 21:28:44,569 - compare_temperatures.py - Line: 114 - INFO - Temperature comparison completed successfully and saved to output/insights/temperature_comparison_2024-05-27.csv.
2025-02-13 21:28:44,570 - main_etl_runner.py - Line: 76 - INFO - -- ETL PIPELINE COMPLETED SUCCESSFULLY --
